
(2016-05-11 20:03:26) check_user.php: New user was added with ID: 971566499031948787.
(2016-05-11 20:44:03) store_position.php: ERROR! Necessary POST variables were missing, null or empty in a request.
(2016-05-12 21:29:58) check_user.php: New user was added with ID: 112229144972025833.
(2016-05-13 13:03:43) check_user.php: New user was added with ID: 878718492673873857.
(2016-05-13 16:08:23) check_user.php: New user was added with ID: 126973613937397981.
(2016-05-15 14:31:33) upload_recording.php: ERROR! Recording could not be uploaded. print_r of files: 
(2016-05-15 14:31:33) Array
(
    [file] => Array
        (
            [name] => recording
            [type] => 
            [tmp_name] => 
            [error] => 3
            [size] => 0
        )

)

(2016-05-16 02:24:25) check_user.php: New user was added with ID: 457341191360316257.
(2016-05-16 19:08:21) upload_recording.php: ERROR! Recording could not be uploaded. print_r of files: 
(2016-05-16 19:08:21) Array
(
    [file] => Array
        (
            [name] => recording
            [type] => 
            [tmp_name] => 
            [error] => 3
            [size] => 0
        )

)

(2016-05-17 10:37:03) check_user.php: New user was added with ID: 116354516132052082.
(2016-05-19 10:22:22) check_user.php: New user was added with ID: 533313480678796516.
